<?xml version="1.0" encoding="UTF-8"?>
<testng-results ignored="0" total="1" passed="1" failed="0" skipped="0">
  <reporter-output>
  </reporter-output>
  <suite started-at="2024-11-26T11:13:50 IST" name="Default suite" finished-at="2024-11-26T11:14:16 IST" duration-ms="25733">
    <groups>
    </groups>
    <test started-at="2024-11-26T11:13:50 IST" name="Default test" finished-at="2024-11-26T11:14:16 IST" duration-ms="25733">
      <class name="qa.test.fitpeo.testcases.FitPeoPageAssignment">
        <test-method signature="verifyFitPeoHomepageScenarios()[pri:0, instance:qa.test.fitpeo.testcases.FitPeoPageAssignment@67c27493]" started-at="2024-11-26T11:13:51 IST" name="verifyFitPeoHomepageScenarios" finished-at="2024-11-26T11:14:16 IST" duration-ms="25706" status="PASS">
          <reporter-output>
          </reporter-output>
        </test-method> <!-- verifyFitPeoHomepageScenarios -->
      </class> <!-- qa.test.fitpeo.testcases.FitPeoPageAssignment -->
    </test> <!-- Default test -->
  </suite> <!-- Default suite -->
</testng-results>
